<?xml version="1.0" encoding="UTF-8"?>
<testsuite name="InjectedTest" time="0.76" tests="7" errors="0" skipped="0" failures="0">
  <properties>
[...]
</properties>
  <testcase name="org/jenkinsci/plugins/castHighlight/CastHighlightBuildAction/index.jelly" classname="org.jvnet.hudson.test.JellyTestSuiteBuilder$JellyCheck" time="0.12"/>
  <testcase name="org/jenkinsci/plugins/castHighlight/CastHighlightPublisher/global.jelly" classname="org.jvnet.hudson.test.JellyTestSuiteBuilder$JellyCheck" time="0.138"/>
  <testcase name="org/jenkinsci/plugins/castHighlight/CastHighlightPublisher/config.jelly" classname="org.jvnet.hudson.test.JellyTestSuiteBuilder$JellyCheck" time="0.059"/>
  <testcase name="org/jenkinsci/plugins/castHighlight/CastHighlightProjectAction/index.jelly" classname="org.jvnet.hudson.test.JellyTestSuiteBuilder$JellyCheck" time="0.03"/>
  <testcase name="index.jelly" classname="org.jvnet.hudson.test.JellyTestSuiteBuilder$JellyCheck" time="0.003"/>
  <testcase name="org.jvnet.hudson.test.JellyTestSuiteBuilder$JellyTestSuite" classname="org.jvnet.hudson.test.junit.FailedTest" time="0.001"/>
  <testcase name="testCliSanity" classname="org.jvnet.hudson.test.PluginAutomaticTestBuilder$CliSanityTest" time="0.409"/>
</testsuite>